<?xml version="1.0" encoding="UTF-8"?>
<!-- Generated by org.testng.reporters.JUnitXMLReporter -->
<testsuite ignored="0" hostname="Slomos-MacBook-Pro.local" failures="0" tests="4" name="Default test" time="20.951" errors="0" timestamp="2022-04-15T13:19:59 EDT">
  <testcase classname="test.DataDrivenTest" name="loginTest" time="9.611"/>
  <testcase classname="test.DataDrivenTest" name="loginTest" time="0.982"/>
  <testcase classname="test.DataDrivenTest" name="loginTest" time="0.902"/>
  <testcase classname="test.DataDrivenTest" name="loginTest" time="0.828"/>
</testsuite> <!-- Default test -->
