<?xml version="1.0" encoding="UTF-8"?>
<!-- Generated by org.testng.reporters.JUnitXMLReporter -->
<testsuite ignored="0" hostname="Slomos-MacBook-Pro.local" failures="0" tests="4" name="Test" time="38.016" errors="0" timestamp="2022-04-15T12:38:35 EDT">
  <testcase classname="test.DataDrivenTest" name="loginTest" time="14.077"/>
  <testcase classname="test.DataDrivenTest" name="loginTest" time="2.337"/>
  <testcase classname="test.DataDrivenTest" name="loginTest" time="1.136"/>
  <testcase classname="test.DataDrivenTest" name="loginTest" time="1.129"/>
</testsuite> <!-- Test -->
