<?xml version="1.0" encoding="UTF-8"?>
<testng-results ignored="0" total="4" passed="4" failed="0" skipped="0">
  <reporter-output>
  </reporter-output>
  <suite started-at="2022-04-15T13:19:38 EDT" name="Default suite" finished-at="2022-04-15T13:19:59 EDT" duration-ms="20951">
    <groups>
    </groups>
    <test started-at="2022-04-15T13:19:38 EDT" name="Default test" finished-at="2022-04-15T13:19:59 EDT" duration-ms="20951">
      <class name="test.DataDrivenTest">
        <test-method is-config="true" signature="setup()[pri:0, instance:test.DataDrivenTest@49c7b90e]" started-at="2022-04-15T13:19:38 EDT" name="setup" finished-at="2022-04-15T13:19:45 EDT" duration-ms="6763" status="PASS">
          <reporter-output>
          </reporter-output>
        </test-method> <!-- setup -->
        <test-method signature="loginTest(java.lang.String,java.lang.String,java.lang.String)[pri:0, instance:test.DataDrivenTest@49c7b90e]" started-at="2022-04-15T13:19:46 EDT" name="loginTest" data-provider="LoginData" finished-at="2022-04-15T13:19:56 EDT" duration-ms="9611" status="PASS">
          <params>
            <param index="0">
              <value>
                <![CDATA[admin@yourstore.com]]>
              </value>
            </param>
            <param index="1">
              <value>
                <![CDATA[admin]]>
              </value>
            </param>
            <param index="2">
              <value>
                <![CDATA[Valid]]>
              </value>
            </param>
          </params>
          <reporter-output>
          </reporter-output>
        </test-method> <!-- loginTest -->
        <test-method signature="loginTest(java.lang.String,java.lang.String,java.lang.String)[pri:0, instance:test.DataDrivenTest@49c7b90e]" started-at="2022-04-15T13:19:56 EDT" name="loginTest" data-provider="LoginData" finished-at="2022-04-15T13:19:57 EDT" duration-ms="982" status="PASS">
          <params>
            <param index="0">
              <value>
                <![CDATA[admin@yourstore.com]]>
              </value>
            </param>
            <param index="1">
              <value>
                <![CDATA[adm]]>
              </value>
            </param>
            <param index="2">
              <value>
                <![CDATA[Invalid]]>
              </value>
            </param>
          </params>
          <reporter-output>
          </reporter-output>
        </test-method> <!-- loginTest -->
        <test-method signature="loginTest(java.lang.String,java.lang.String,java.lang.String)[pri:0, instance:test.DataDrivenTest@49c7b90e]" started-at="2022-04-15T13:19:57 EDT" name="loginTest" data-provider="LoginData" finished-at="2022-04-15T13:19:58 EDT" duration-ms="902" status="PASS">
          <params>
            <param index="0">
              <value>
                <![CDATA[adm@yourstore.com]]>
              </value>
            </param>
            <param index="1">
              <value>
                <![CDATA[admin]]>
              </value>
            </param>
            <param index="2">
              <value>
                <![CDATA[Invalid]]>
              </value>
            </param>
          </params>
          <reporter-output>
          </reporter-output>
        </test-method> <!-- loginTest -->
        <test-method signature="loginTest(java.lang.String,java.lang.String,java.lang.String)[pri:0, instance:test.DataDrivenTest@49c7b90e]" started-at="2022-04-15T13:19:58 EDT" name="loginTest" data-provider="LoginData" finished-at="2022-04-15T13:19:59 EDT" duration-ms="828" status="PASS">
          <params>
            <param index="0">
              <value>
                <![CDATA[dm@yourstore.com]]>
              </value>
            </param>
            <param index="1">
              <value>
                <![CDATA[adm]]>
              </value>
            </param>
            <param index="2">
              <value>
                <![CDATA[Invalid]]>
              </value>
            </param>
          </params>
          <reporter-output>
          </reporter-output>
        </test-method> <!-- loginTest -->
        <test-method is-config="true" signature="tearDown()[pri:0, instance:test.DataDrivenTest@49c7b90e]" started-at="2022-04-15T13:19:59 EDT" name="tearDown" finished-at="2022-04-15T13:19:59 EDT" duration-ms="155" status="PASS">
          <reporter-output>
          </reporter-output>
        </test-method> <!-- tearDown -->
      </class> <!-- test.DataDrivenTest -->
    </test> <!-- Default test -->
  </suite> <!-- Default suite -->
</testng-results>
